Compiling build :dev to "resources/public/js/compiled/out/index.js" from ["src"]...
[32mSuccessfully compiled build :dev to "resources/public/js/compiled/out/index.js" in 0.813 seconds.[0m
notifying browser that file changed:  resources/public/js/compiled/out/goog/deps.js
notifying browser that file changed:  resources/public/js/compiled/out/cljs_deps.js
notifying browser that file changed:  resources/public/js/compiled/out/cljs_breakout/core.js
Compiling build :dev to "resources/public/js/compiled/out/index.js" from ["src"]...
[32mSuccessfully compiled build :dev to "resources/public/js/compiled/out/index.js" in 0.888 seconds.[0m
notifying browser that file changed:  resources/public/js/compiled/out/cljs_breakout/core.js
Compiling build :dev to "resources/public/js/compiled/out/index.js" from ["src"]...
[31mFailed to compile build :dev from ["src"] in 0.222 seconds.[0m
[36m----  Could not Analyze  src/cljs_breakout/core.cljs   line:6  column:1  ----[0m

  [1mWrong number of args (1) passed to: cljs.analyzer/fn--1928/pfn--1929[0m

  [36m4[0m  [36m(enable-console-print!)[0m
  [36m5[0m  [36m[0m
  [33m6[0m  [1m(def )[0m
  [0m [0m  [33m^--- Wrong number of args (1) passed to: cljs.analyzer/fn--1928/pfn--1929[0m
  [36m7[0m  [36m(defn init [][0m
  [36m8[0m  [36m  (let [canvas (.getElementById js/document "my-canvas")[0m
  [36m9[0m  [36m        ctx (.getContext canvas "2d")]))[0m

[36m----  Analysis Error : Please see src/cljs_breakout/core.cljs  ----[0m
Compiling build :dev to "resources/public/js/compiled/out/index.js" from ["src"]...
[31mFailed to compile build :dev from ["src"] in 0.201 seconds.[0m
[36m----  Could not Analyze  src/cljs_breakout/core.cljs   line:6  column:1  ----[0m

  [1mWrong number of args (1) passed to: cljs.analyzer/fn--1928/pfn--1929[0m

  [36m4[0m  [36m(enable-console-print!)[0m
  [36m5[0m  [36m[0m
  [33m6[0m  [1m(def )[0m
  [0m [0m  [33m^--- Wrong number of args (1) passed to: cljs.analyzer/fn--1928/pfn--1929[0m
  [36m7[0m  [36m(defn init [][0m
  [36m8[0m  [36m  (let [canvas (.getElementById js/document "my-canvas")[0m
  [36m9[0m  [36m        ctx (.getContext canvas "2d")][0m

[36m----  Analysis Error : Please see src/cljs_breakout/core.cljs  ----[0m
Compiling build :dev to "resources/public/js/compiled/out/index.js" from ["src"]...
[31mFailed to compile build :dev from ["src"] in 0.31 seconds.[0m
[36m----  Could not Analyze  src/cljs_breakout/core.cljs   line:6  column:1  ----[0m

  [1mWrong number of args (1) passed to: cljs.analyzer/fn--1928/pfn--1929[0m

  [36m4[0m  [36m(enable-console-print!)[0m
  [36m5[0m  [36m[0m
  [33m6[0m  [1m(def )[0m
  [0m [0m  [33m^--- Wrong number of args (1) passed to: cljs.analyzer/fn--1928/pfn--1929[0m
  [36m7[0m  [36m(defn init [][0m
  [36m8[0m  [36m  (let [canvas (.getElementById js/document "my-canvas")[0m
  [36m9[0m  [36m        ctx (.getContext canvas "2d")][0m

[36m----  Analysis Error : Please see src/cljs_breakout/core.cljs  ----[0m
Compiling build :dev to "resources/public/js/compiled/out/index.js" from ["src"]...
[32mSuccessfully compiled build :dev to "resources/public/js/compiled/out/index.js" in 0.873 seconds.[0m
notifying browser that file changed:  resources/public/js/compiled/out/cljs_breakout/core.js
Compiling build :dev to "resources/public/js/compiled/out/index.js" from ["src"]...
[32mSuccessfully compiled build :dev to "resources/public/js/compiled/out/index.js" in 0.893 seconds.[0m
notifying browser that file changed:  resources/public/js/compiled/out/cljs_breakout/core.js
Compiling build :dev to "resources/public/js/compiled/out/index.js" from ["src"]...
[32mSuccessfully compiled build :dev to "resources/public/js/compiled/out/index.js" in 0.787 seconds.[0m
notifying browser that file changed:  resources/public/js/compiled/out/cljs_breakout/core.js
Compiling build :dev to "resources/public/js/compiled/out/index.js" from ["src"]...
[32mSuccessfully compiled build :dev to "resources/public/js/compiled/out/index.js" in 0.849 seconds.[0m
notifying browser that file changed:  resources/public/js/compiled/out/cljs_breakout/core.js
